http://bigdata.edu360.cn/laozhang
http://bigdata.edu360.cn/laozhang
http://bigdata.edu360.cn/laozhao
http://bigdata.edu360.cn/laozhao
http://bigdata.edu360.cn/laozhao
http://bigdata.edu360.cn/laozhao
http://bigdata.edu360.cn/laozhao
http://bigdata.edu360.cn/laoduan
http://bigdata.edu360.cn/laoduan
http://javaee.edu360.cn/xiaoxu
http://javaee.edu360.cn/xiaoxu
http://javaee.edu360.cn/laoyang
http://javaee.edu360.cn/laoyang
http://javaee.edu360.cn/laoyang
http://bigdata.edu360.cn/laozhao
http://bigdata.edu360.cn/laozhao
http://bigdata.edu360.cn/laozhao
http://bigdata.edu360.cn/laozhao
http://bigdata.edu360.cn/laozhao
http://bigdata.edu360.cn/laoduan
http://bigdata.edu360.cn/laoduan
http://javaee.edu360.cn/xiaoxu
http://javaee.edu360.cn/xiaoxu
http://javaee.edu360.cn/laoyang
http://javaee.edu360.cn/laoyang
http://javaee.edu360.cn/laoyang
http://bigdata.edu360.cn/laozhao
http://bigdata.edu360.cn/laozhao
http://bigdata.edu360.cn/laozhao
http://bigdata.edu360.cn/laozhao
http://bigdata.edu360.cn/laozhao
http://bigdata.edu360.cn/laoduan
http://bigdata.edu360.cn/laoduan
http://javaee.edu360.cn/xiaoxu
http://javaee.edu360.cn/xiaoxu
http://javaee.edu360.cn/laoyang
http://javaee.edu360.cn/laoyang
http://javaee.edu360.cn/laoyang
http://php.edu360.cn/laoli
http://php.edu360.cn/laoliu
http://php.edu360.cn/laoli
http://php.edu360.cn/laoli